<?xml version="1.0" encoding="UTF-8"?>
<!-- Generated by org.testng.reporters.JUnitXMLReporter -->
<testsuite hostname="rajankumars-MBP.home" name="FailedTestCases" tests="1" failures="1" timestamp="20 May 2018 19:20:14 GMT" time="0.007" errors="0">
  <testcase name="printTestCaseName2" time="0.0" classname="Testcases.Testcase2">
    <failure type="java.lang.AssertionError" message="expected [true] but found [false]">
      <![CDATA[java.lang.AssertionError: expected [true] but found [false]
	at Testcases.Testcase2.printTestCaseName2(Testcase2.java:29)
	at Testcases.GenerateTestNGXML.rerunfailedtestcase(GenerateTestNGXML.java:186)
	at Testcases.Testrunner.main(Testrunner.java:37)
... Removed 28 stack frames]]>
    </failure>
  </testcase> <!-- printTestCaseName2 -->
</testsuite> <!-- FailedTestCases -->
